<?xml version="1.0" encoding="UTF-8"?>
<!-- Generated by org.testng.reporters.JUnitReportReporter -->
<testsuite hostname="LAPTOP-OCCGCDND" failures="0" tests="1" name="testCases.TC002_LoginTestCase" time="2.165" errors="0" timestamp="2024-09-16T12:02:02 IST" skipped="0">
  <testcase classname="testCases.TC002_LoginTestCase" name="VerifyLogin" time="2.165"/>
</testsuite> <!-- testCases.TC002_LoginTestCase -->
