<?xml version="1.0" encoding="UTF-8"?>
<!-- Generated by org.testng.reporters.JUnitReportReporter -->
<testsuite hostname="LAPTOP-OCCGCDND" failures="0" tests="1" name="Screenshot.Mobile" time="14.335" errors="0" timestamp="2024-10-03T12:49:04 IST" skipped="0">
  <testcase classname="Screenshot.Mobile" name="screenshot" time="14.335"/>
</testsuite> <!-- Screenshot.Mobile -->
