<?xml version="1.0" encoding="UTF-8"?>
<!-- Generated by org.testng.reporters.JUnitReportReporter -->
<testsuite hostname="LAPTOP-OCCGCDND" failures="0" tests="1" name="testCases.TC002_LoginTestCase" time="1.725" errors="0" timestamp="2024-10-14T15:53:37 IST" skipped="0">
  <testcase classname="testCases.TC002_LoginTestCase" name="VerifyLogin" time="1.725"/>
</testsuite> <!-- testCases.TC002_LoginTestCase -->
