<?xml version="1.0" encoding="UTF-8"?>
<!-- Generated by org.testng.reporters.JUnitReportReporter -->
<testsuite hostname="LAPTOP-OCCGCDND" failures="0" tests="1" name="testCases.TC001_AccountRegistration" time="3.088" errors="0" timestamp="2024-10-14T15:53:37 IST" skipped="0">
  <testcase classname="testCases.TC001_AccountRegistration" name="verify_account_registration" time="3.088"/>
</testsuite> <!-- testCases.TC001_AccountRegistration -->
